
> paradise-calculator@0.1.0 build /Users/lsinji/Documents/workspace/mystudyshare/apps/paradise-calculator
> next build

  [1m[38;2;173;127;168m▲ Next.js 14.2.5[39m[22m

 [37m[1m [22m[39m Creating an optimized production build ...
 [32m[1m✓[22m[39m Compiled successfully
[?25l [37m[1m [22m[39m Linting and checking validity of types  [36m.[39m[2K[1G[1A[2K[1G [37m[1m [22m[39m Linting and checking validity of types  [36m..[39m[2K[1G[1A[2K[1G [37m[1m [22m[39m Linting and checking validity of types  [36m...[39m[2K[1G[1A[2K[1G [37m[1m [22m[39m Linting and checking validity of types  [36m.[39m[2K[1G[1A[2K[1G [37m[1m [22m[39m Linting and checking validity of types  [36m..[39m[2K[1G[1A[2K[1G [37m[1m [22m[39m Linting and checking validity of types  [36m...[39m[2K[1G[1A[2K[1G [37m[1m [22m[39m Linting and checking validity of types  [36m.[39m[2K[1G[1A[2K[1G [37m[1m [22m[39m Linting and checking validity of types  [36m..[39m[2K[1G[1A[2K[1G [37m[1m [22m[39m Linting and checking validity of types  [36m...[39m[2K[1G[1A[2K[1G [37m[1m [22m[39m Linting and checking validity of types  [36m.[39m[2K[1G[1A[2K[1G[?25h
[36m./src/app/goal-assets/page.tsx[39m
[33m95[39m:[33m6[39m  [33m[1mWarning[22m[39m: React Hook useEffect has a missing dependency: 'calculateYearsAndGraph'. Either include it or remove the dependency array.  [90m[1mreact-hooks/exhaustive-deps[22m[39m

[36m./src/app/goal-interest/page.tsx[39m
[33m64[39m:[33m6[39m  [33m[1mWarning[22m[39m: React Hook useEffect has a missing dependency: 'calculateYearsAndGraph'. Either include it or remove the dependency array.  [90m[1mreact-hooks/exhaustive-deps[22m[39m

[36m./src/app/goal-line/page.tsx[39m
[33m97[39m:[33m6[39m  [33m[1mWarning[22m[39m: React Hook useEffect has a missing dependency: 'calculateYearsAndGraph'. Either include it or remove the dependency array.  [90m[1mreact-hooks/exhaustive-deps[22m[39m

[36m./src/app/page.tsx[39m
[33m9[39m:[33m6[39m  [33m[1mWarning[22m[39m: React Hook React.useEffect has a missing dependency: 'router'. Either include it or remove the dependency array.  [90m[1mreact-hooks/exhaustive-deps[22m[39m

[36m./src/app/pc/page.tsx[39m
[33m87[39m:[33m6[39m  [33m[1mWarning[22m[39m: React Hook useEffect has a missing dependency: 'calculateYearsAndGraph'. Either include it or remove the dependency array.  [90m[1mreact-hooks/exhaustive-deps[22m[39m

[36minfo[39m  - Need to disable some ESLint rules? Learn more here: https://nextjs.org/docs/basic-features/eslint#disabling-rules
[?25l [37m[1m [22m[39m Linting and checking validity of types  [36m.[39m[2K[1G[1A[2K[1G [37m[1m [22m[39m Linting and checking validity of types  [36m..[39m[2K[1G[1A[2K[1G [37m[1m [22m[39m Linting and checking validity of types  [36m...[39m[2K[1G[1A[2K[1G [37m[1m [22m[39m Linting and checking validity of types  [36m.[39m[2K[1G[1A[2K[1G [37m[1m [22m[39m Linting and checking validity of types  [36m..[39m[2K[1G[1A[2K[1G [37m[1m [22m[39m Linting and checking validity of types  [36m...[39m[2K[1G[1A[2K[1G [37m[1m [22m[39m Linting and checking validity of types  [36m.[39m[2K[1G[1A[2K[1G[?25h [37m[1m [22m[39m Linting and checking validity of types     [32m[1m✓[22m[39m Linting and checking validity of types 
[?25l [37m[1m [22m[39m Collecting page data  [36m.[39m[2K[1G [37m[1m [22m[39m Collecting page data  [36m..[39m[2K[1G [37m[1m [22m[39m Collecting page data  [36m...[39m[2K[1G [37m[1m [22m[39m Collecting page data  [36m.[39m[2K[1G [37m[1m [22m[39m Collecting page data  [36m..[39m[2K[1G [37m[1m [22m[39m Collecting page data  [36m...[39m[2K[1G[?25h [37m[1m [22m[39m Collecting page data     [32m[1m✓[22m[39m Collecting page data 
[?25l [37m[1m [22m[39m Generating static pages (0/9)  [36m[    ][39m[2K[1G [37m[1m [22m[39m Generating static pages (0/9)  [36m[=   ][39m[2K[1G[?25h [32m[1m✓[22m[39m Generating static pages (9/9)
[?25l [37m[1m [22m[39m Finalizing page optimization  [36m.[39m[?25l [37m[1m [22m[39m Collecting build traces  [36m.[39m[2K[1G [37m[1m [22m[39m Finalizing page optimization  [36m..[39m[2K[1G [37m[1m [22m[39m Collecting build traces  [36m..[39m[2K[1G [37m[1m [22m[39m Finalizing page optimization  [36m...[39m[2K[1G [37m[1m [22m[39m Collecting build traces  [36m...[39m[2K[1G [37m[1m [22m[39m Finalizing page optimization  [36m.[39m[2K[1G [37m[1m [22m[39m Collecting build traces  [36m.[39m[2K[1G [37m[1m [22m[39m Finalizing page optimization  [36m..[39m[2K[1G [37m[1m [22m[39m Collecting build traces  [36m..[39m[2K[1G [37m[1m [22m[39m Finalizing page optimization  [36m...[39m[2K[1G [37m[1m [22m[39m Collecting build traces  [36m...[39m[2K[1G [37m[1m [22m[39m Finalizing page optimization  [36m.[39m[2K[1G [37m[1m [22m[39m Collecting build traces  [36m.[39m[2K[1G [37m[1m [22m[39m Finalizing page optimization  [36m..[39m[2K[1G [37m[1m [22m[39m Collecting build traces  [36m..[39m[2K[1G [37m[1m [22m[39m Finalizing page optimization  [36m...[39m[2K[1G [37m[1m [22m[39m Collecting build traces  [36m...[39m[2K[1G [37m[1m [22m[39m Finalizing page optimization  [36m.[39m[2K[1G [37m[1m [22m[39m Collecting build traces  [36m.[39m[2K[1G [37m[1m [22m[39m Finalizing page optimization  [36m..[39m[2K[1G [37m[1m [22m[39m Collecting build traces  [36m..[39m[2K[1G [37m[1m [22m[39m Finalizing page optimization  [36m...[39m[2K[1G [37m[1m [22m[39m Collecting build traces  [36m...[39m[2K[1G [37m[1m [22m[39m Finalizing page optimization  [36m.[39m[2K[1G [37m[1m [22m[39m Collecting build traces  [36m.[39m[2K[1G [37m[1m [22m[39m Finalizing page optimization  [36m..[39m[2K[1G [37m[1m [22m[39m Collecting build traces  [36m..[39m[2K[1G [37m[1m [22m[39m Finalizing page optimization  [36m...[39m[2K[1G [37m[1m [22m[39m Collecting build traces  [36m...[39m[2K[1G [37m[1m [22m[39m Finalizing page optimization  [36m.[39m[2K[1G [37m[1m [22m[39m Collecting build traces  [36m.[39m[2K[1G [37m[1m [22m[39m Finalizing page optimization  [36m..[39m[2K[1G [37m[1m [22m[39m Collecting build traces  [36m..[39m[2K[1G [37m[1m [22m[39m Finalizing page optimization  [36m...[39m[2K[1G [37m[1m [22m[39m Collecting build traces  [36m...[39m[2K[1G [37m[1m [22m[39m Finalizing page optimization  [36m.[39m[2K[1G [37m[1m [22m[39m Collecting build traces  [36m.[39m[2K[1G [37m[1m [22m[39m Finalizing page optimization  [36m..[39m[2K[1G [37m[1m [22m[39m Collecting build traces  [36m..[39m[2K[1G [37m[1m [22m[39m Finalizing page optimization  [36m...[39m[2K[1G [37m[1m [22m[39m Collecting build traces  [36m...[39m[2K[1G[?25h [37m[1m [22m[39m Collecting build traces     [32m[1m✓[22m[39m Collecting build traces 
[2K[1G [37m[1m [22m[39m Finalizing page optimization  [36m.[39m[2K[1G [37m[1m [22m[39m Finalizing page optimization  [36m..[39m[2K[1G [37m[1m [22m[39m Finalizing page optimization  [36m...[39m[2K[1G[?25h [37m[1m [22m[39m Finalizing page optimization     [32m[1m✓[22m[39m Finalizing page optimization 

[4mRoute (app)[24m                              [4mSize[24m     [4mFirst Load JS[24m
┌ ○ /                                    361 B          [37m[1m87.8 kB[22m[39m
├ ○ /_not-found                          875 B          [37m[1m88.4 kB[22m[39m
├ ○ /goal-assets                         2.61 kB         [37m[1m229 kB[22m[39m
├ ○ /goal-interest                       2.23 kB        [37m[1m96.5 kB[22m[39m
├ ○ /goal-line                           2.76 kB         [37m[1m229 kB[22m[39m
└ ○ /pc                                  6.71 kB         [37m[1m207 kB[22m[39m
+ First Load JS shared by all            [37m[1m87.5 kB[22m[39m
  ├ chunks/731-4e758352e9c45c20.js       31.8 kB
  ├ chunks/ef5a3740-6ec1cb237406178e.js  53.6 kB
  └ other shared chunks (total)          2.02 kB


○  (Static)  prerendered as static content

[?25h
